{"/Users/Zackopane/development/ROICalc/index.js":{"path":"/Users/Zackopane/development/ROICalc/index.js","s":{"1":1,"2":3,"3":1,"4":2,"5":1},"b":{},"f":{"1":3,"2":2},"fnMap":{"1":{"name":"noIncome","line":2,"loc":{"start":{"line":2,"column":0},"end":{"line":2,"column":35}}},"2":{"name":"roiPercent","line":6,"loc":{"start":{"line":6,"column":0},"end":{"line":6,"column":43}}}},"statementMap":{"1":{"start":{"line":2,"column":0},"end":{"line":4,"column":1}},"2":{"start":{"line":3,"column":2},"end":{"line":3,"column":26}},"3":{"start":{"line":6,"column":0},"end":{"line":8,"column":1}},"4":{"start":{"line":7,"column":2},"end":{"line":7,"column":40}},"5":{"start":{"line":10,"column":0},"end":{"line":13,"column":2}}},"branchMap":{}}}